<?xml version="1.0" encoding="UTF-8"?>
<!-- Generated by org.testng.reporters.JUnitReportReporter -->
<testsuite hostname="DESKTOP-5VU4SDP" failures="0" tests="1" name="com.amazon.exercise.AmazonTest" time="0.005" errors="0" timestamp="2020-10-09T17:25:42 IST" skipped="0">
  <testcase classname="com.amazon.exercise.AmazonTest" name="amazonTest" time="0.005"/>
  <system-out/>
</testsuite> <!-- com.amazon.exercise.AmazonTest -->
